# JRE version: OpenJDK Runtime Environment Temurin-21.0.8+9 (21.0.8+9) (build 21.0.8+9-LTS)
# Java VM: OpenJDK 64-Bit Server VM Temurin-21.0.8+9 (21.0.8+9-LTS, mixed mode, sharing, tiered, compressed oops, compressed class ptrs, parallel gc, windows-amd64)
GC Precious Log:
 CardTable entry size: 512
 CPUs: 8 total, 8 available
 Memory: 7991M
 Large Page Support: Disabled
 NUMA Support: Disabled
 Compressed Oops: Enabled (32-bit)
 Alignments: Space 512K, Generation 512K, Heap 2M
 Heap Min Capacity: 100M
 Heap Initial Capacity: 100M
 Heap Max Capacity: 2G
 Pre-touch: Disabled
 Parallel Workers: 8
Heap:
 PSYoungGen      total 14336K, used 13494K [0x00000000d5580000, 0x00000000d6500000, 0x0000000100000000)
  eden space 13824K, 94% used [0x00000000d5580000,0x00000000d6239880,0x00000000d6300000)
  from space 512K, 90% used [0x00000000d6480000,0x00000000d64f4010,0x00000000d6500000)
  to   space 1024K, 0% used [0x00000000d6300000,0x00000000d6300000,0x00000000d6400000)
 ParOldGen       total 431616K, used 335549K [0x0000000080000000, 0x000000009a580000, 0x00000000d5580000)
  object space 431616K, 77% used [0x0000000080000000,0x00000000947af468,0x000000009a580000)
 Metaspace       used 68045K, committed 69504K, reserved 1114112K
  class space    used 6932K, committed 7552K, reserved 1048576K
GC Heap History (20 events):
Event: 17478.624 GC heap before
{Heap before GC invocations=2744 (full 3):
 PSYoungGen      total 14848K, used 14368K [0x00000000d5580000, 0x00000000d6500000, 0x0000000100000000)
  eden space 13824K, 100% used [0x00000000d5580000,0x00000000d6300000,0x00000000d6300000)
  from space 1024K, 53% used [0x00000000d6400000,0x00000000d6488000,0x00000000d6500000)
  to   space 1024K, 0% used [0x00000000d6300000,0x00000000d6300000,0x00000000d6400000)
 ParOldGen       total 431616K, used 333759K [0x0000000080000000, 0x000000009a580000, 0x00000000d5580000)
  object space 431616K, 77% used [0x0000000080000000,0x00000000945efe18,0x000000009a580000)
 Metaspace       used 67886K, committed 69312K, reserved 1114112K
  class space    used 6926K, committed 7552K, reserved 1048576K
}
Event: 17478.848 GC heap after
{Heap after GC invocations=2744 (full 3):
 PSYoungGen      total 14848K, used 256K [0x00000000d5580000, 0x00000000d6480000, 0x0000000100000000)
  eden space 13824K, 0% used [0x00000000d5580000,0x00000000d5580000,0x00000000d6300000)
  from space 1024K, 25% used [0x00000000d6300000,0x00000000d6340000,0x00000000d6400000)
  to   space 512K, 0% used [0x00000000d6400000,0x00000000d6400000,0x00000000d6480000)
 ParOldGen       total 431616K, used 333775K [0x0000000080000000, 0x000000009a580000, 0x00000000d5580000)
  object space 431616K, 77% used [0x0000000080000000,0x00000000945f3e18,0x000000009a580000)
 Metaspace       used 67886K, committed 69312K, reserved 1114112K
  class space    used 6926K, committed 7552K, reserved 1048576K
}
Event: 17529.016 GC heap before
{Heap before GC invocations=2745 (full 3):
 PSYoungGen      total 14848K, used 14080K [0x00000000d5580000, 0x00000000d6480000, 0x0000000100000000)
  eden space 13824K, 100% used [0x00000000d5580000,0x00000000d6300000,0x00000000d6300000)
  from space 1024K, 25% used [0x00000000d6300000,0x00000000d6340000,0x00000000d6400000)
  to   space 512K, 0% used [0x00000000d6400000,0x00000000d6400000,0x00000000d6480000)
 ParOldGen       total 431616K, used 333775K [0x0000000080000000, 0x000000009a580000, 0x00000000d5580000)
  object space 431616K, 77% used [0x0000000080000000,0x00000000945f3e18,0x000000009a580000)
 Metaspace       used 67933K, committed 69376K, reserved 1114112K
  class space    used 6932K, committed 7552K, reserved 1048576K
}
Event: 17529.047 GC heap after
{Heap after GC invocations=2745 (full 3):
 PSYoungGen      total 14336K, used 256K [0x00000000d5580000, 0x00000000d6480000, 0x0000000100000000)
  eden space 13824K, 0% used [0x00000000d5580000,0x00000000d5580000,0x00000000d6300000)
  from space 512K, 50% used [0x00000000d6400000,0x00000000d6440000,0x00000000d6480000)
  to   space 512K, 0% used [0x00000000d6380000,0x00000000d6380000,0x00000000d6400000)
 ParOldGen       total 431616K, used 333807K [0x0000000080000000, 0x000000009a580000, 0x00000000d5580000)
  object space 431616K, 77% used [0x0000000080000000,0x00000000945fbe18,0x000000009a580000)
 Metaspace       used 67933K, committed 69376K, reserved 1114112K
  class space    used 6932K, committed 7552K, reserved 1048576K
}
Event: 17654.226 GC heap before
{Heap before GC invocations=2746 (full 3):
 PSYoungGen      total 14336K, used 14080K [0x00000000d5580000, 0x00000000d6480000, 0x0000000100000000)
  eden space 13824K, 100% used [0x00000000d5580000,0x00000000d6300000,0x00000000d6300000)
  from space 512K, 50% used [0x00000000d6400000,0x00000000d6440000,0x00000000d6480000)
  to   space 512K, 0% used [0x00000000d6380000,0x00000000d6380000,0x00000000d6400000)
 ParOldGen       total 431616K, used 333807K [0x0000000080000000, 0x000000009a580000, 0x00000000d5580000)
  object space 431616K, 77% used [0x0000000080000000,0x00000000945fbe18,0x000000009a580000)
 Metaspace       used 67939K, committed 69376K, reserved 1114112K
  class space    used 6932K, committed 7552K, reserved 1048576K
}
Event: 17654.612 GC heap after
{Heap after GC invocations=2746 (full 3):
 PSYoungGen      total 14336K, used 160K [0x00000000d5580000, 0x00000000d6480000, 0x0000000100000000)
  eden space 13824K, 0% used [0x00000000d5580000,0x00000000d5580000,0x00000000d6300000)
  from space 512K, 31% used [0x00000000d6380000,0x00000000d63a8000,0x00000000d6400000)
  to   space 512K, 0% used [0x00000000d6400000,0x00000000d6400000,0x00000000d6480000)
 ParOldGen       total 431616K, used 333831K [0x0000000080000000, 0x000000009a580000, 0x00000000d5580000)
  object space 431616K, 77% used [0x0000000080000000,0x0000000094601e18,0x000000009a580000)
 Metaspace       used 67939K, committed 69376K, reserved 1114112K
  class space    used 6932K, committed 7552K, reserved 1048576K
}
Event: 17684.976 GC heap before
{Heap before GC invocations=2747 (full 3):
 PSYoungGen      total 14336K, used 13984K [0x00000000d5580000, 0x00000000d6480000, 0x0000000100000000)
  eden space 13824K, 100% used [0x00000000d5580000,0x00000000d6300000,0x00000000d6300000)
  from space 512K, 31% used [0x00000000d6380000,0x00000000d63a8000,0x00000000d6400000)
  to   space 512K, 0% used [0x00000000d6400000,0x00000000d6400000,0x00000000d6480000)
 ParOldGen       total 431616K, used 333831K [0x0000000080000000, 0x000000009a580000, 0x00000000d5580000)
  object space 431616K, 77% used [0x0000000080000000,0x0000000094601e18,0x000000009a580000)
 Metaspace       used 67939K, committed 69376K, reserved 1114112K
  class space    used 6932K, committed 7552K, reserved 1048576K
}
Event: 17684.989 GC heap after
{Heap after GC invocations=2747 (full 3):
 PSYoungGen      total 14336K, used 512K [0x00000000d5580000, 0x00000000d6500000, 0x0000000100000000)
  eden space 13824K, 0% used [0x00000000d5580000,0x00000000d5580000,0x00000000d6300000)
  from space 512K, 100% used [0x00000000d6400000,0x00000000d6480000,0x00000000d6480000)
  to   space 1024K, 0% used [0x00000000d6300000,0x00000000d6300000,0x00000000d6400000)
 ParOldGen       total 431616K, used 333972K [0x0000000080000000, 0x000000009a580000, 0x00000000d5580000)
  object space 431616K, 77% used [0x0000000080000000,0x00000000946250b8,0x000000009a580000)
 Metaspace       used 67939K, committed 69376K, reserved 1114112K
  class space    used 6932K, committed 7552K, reserved 1048576K
}
Event: 18549.855 GC heap before
{Heap before GC invocations=2748 (full 3):
 PSYoungGen      total 14336K, used 14336K [0x00000000d5580000, 0x00000000d6500000, 0x0000000100000000)
  eden space 13824K, 100% used [0x00000000d5580000,0x00000000d6300000,0x00000000d6300000)
  from space 512K, 100% used [0x00000000d6400000,0x00000000d6480000,0x00000000d6480000)
  to   space 1024K, 0% used [0x00000000d6300000,0x00000000d6300000,0x00000000d6400000)
 ParOldGen       total 431616K, used 333972K [0x0000000080000000, 0x000000009a580000, 0x00000000d5580000)
  object space 431616K, 77% used [0x0000000080000000,0x00000000946250b8,0x000000009a580000)
 Metaspace       used 67952K, committed 69376K, reserved 1114112K
  class space    used 6932K, committed 7552K, reserved 1048576K
}
Event: 18550.237 GC heap after
{Heap after GC invocations=2748 (full 3):
 PSYoungGen      total 14848K, used 384K [0x00000000d5580000, 0x00000000d6480000, 0x0000000100000000)
  eden space 13824K, 0% used [0x00000000d5580000,0x00000000d5580000,0x00000000d6300000)
  from space 1024K, 37% used [0x00000000d6300000,0x00000000d6360020,0x00000000d6400000)
  to   space 512K, 0% used [0x00000000d6400000,0x00000000d6400000,0x00000000d6480000)
 ParOldGen       total 431616K, used 334425K [0x0000000080000000, 0x000000009a580000, 0x00000000d5580000)
  object space 431616K, 77% used [0x0000000080000000,0x0000000094696538,0x000000009a580000)
 Metaspace       used 67952K, committed 69376K, reserved 1114112K
  class space    used 6932K, committed 7552K, reserved 1048576K
}
Event: 18623.881 GC heap before
{Heap before GC invocations=2749 (full 3):
 PSYoungGen      total 14848K, used 14201K [0x00000000d5580000, 0x00000000d6480000, 0x0000000100000000)
  eden space 13824K, 99% used [0x00000000d5580000,0x00000000d62fe690,0x00000000d6300000)
  from space 1024K, 37% used [0x00000000d6300000,0x00000000d6360020,0x00000000d6400000)
  to   space 512K, 0% used [0x00000000d6400000,0x00000000d6400000,0x00000000d6480000)
 ParOldGen       total 431616K, used 334425K [0x0000000080000000, 0x000000009a580000, 0x00000000d5580000)
  object space 431616K, 77% used [0x0000000080000000,0x0000000094696538,0x000000009a580000)
 Metaspace       used 67956K, committed 69376K, reserved 1114112K
  class space    used 6932K, committed 7552K, reserved 1048576K
}
Event: 18624.154 GC heap after
{Heap after GC invocations=2749 (full 3):
 PSYoungGen      total 14336K, used 192K [0x00000000d5580000, 0x00000000d6480000, 0x0000000100000000)
  eden space 13824K, 0% used [0x00000000d5580000,0x00000000d5580000,0x00000000d6300000)
  from space 512K, 37% used [0x00000000d6400000,0x00000000d6430000,0x00000000d6480000)
  to   space 512K, 0% used [0x00000000d6380000,0x00000000d6380000,0x00000000d6400000)
 ParOldGen       total 431616K, used 334529K [0x0000000080000000, 0x000000009a580000, 0x00000000d5580000)
  object space 431616K, 77% used [0x0000000080000000,0x00000000946b0558,0x000000009a580000)
 Metaspace       used 67956K, committed 69376K, reserved 1114112K
  class space    used 6932K, committed 7552K, reserved 1048576K
}
Event: 34013.542 GC heap before
{Heap before GC invocations=2750 (full 3):
 PSYoungGen      total 14336K, used 14016K [0x00000000d5580000, 0x00000000d6480000, 0x0000000100000000)
  eden space 13824K, 100% used [0x00000000d5580000,0x00000000d6300000,0x00000000d6300000)
  from space 512K, 37% used [0x00000000d6400000,0x00000000d6430000,0x00000000d6480000)
  to   space 512K, 0% used [0x00000000d6380000,0x00000000d6380000,0x00000000d6400000)
 ParOldGen       total 431616K, used 334529K [0x0000000080000000, 0x000000009a580000, 0x00000000d5580000)
  object space 431616K, 77% used [0x0000000080000000,0x00000000946b0558,0x000000009a580000)
 Metaspace       used 67962K, committed 69376K, reserved 1114112K
  class space    used 6932K, committed 7552K, reserved 1048576K
}
Event: 34013.816 GC heap after
{Heap after GC invocations=2750 (full 3):
 PSYoungGen      total 14336K, used 496K [0x00000000d5580000, 0x00000000d6500000, 0x0000000100000000)
  eden space 13824K, 0% used [0x00000000d5580000,0x00000000d5580000,0x00000000d6300000)
  from space 512K, 96% used [0x00000000d6380000,0x00000000d63fc010,0x00000000d6400000)
  to   space 1024K, 0% used [0x00000000d6400000,0x00000000d6400000,0x00000000d6500000)
 ParOldGen       total 431616K, used 334609K [0x0000000080000000, 0x000000009a580000, 0x00000000d5580000)
  object space 431616K, 77% used [0x0000000080000000,0x00000000946c4568,0x000000009a580000)
 Metaspace       used 67962K, committed 69376K, reserved 1114112K
  class space    used 6932K, committed 7552K, reserved 1048576K
}
Event: 34095.535 GC heap before
{Heap before GC invocations=2751 (full 3):
 PSYoungGen      total 14336K, used 14320K [0x00000000d5580000, 0x00000000d6500000, 0x0000000100000000)
  eden space 13824K, 100% used [0x00000000d5580000,0x00000000d6300000,0x00000000d6300000)
  from space 512K, 96% used [0x00000000d6380000,0x00000000d63fc010,0x00000000d6400000)
  to   space 1024K, 0% used [0x00000000d6400000,0x00000000d6400000,0x00000000d6500000)
 ParOldGen       total 431616K, used 334609K [0x0000000080000000, 0x000000009a580000, 0x00000000d5580000)
  object space 431616K, 77% used [0x0000000080000000,0x00000000946c4568,0x000000009a580000)
 Metaspace       used 68015K, committed 69440K, reserved 1114112K
  class space    used 6932K, committed 7552K, reserved 1048576K
}
Event: 34095.832 GC heap after
{Heap after GC invocations=2751 (full 3):
 PSYoungGen      total 14848K, used 608K [0x00000000d5580000, 0x00000000d6500000, 0x0000000100000000)
  eden space 13824K, 0% used [0x00000000d5580000,0x00000000d5580000,0x00000000d6300000)
  from space 1024K, 59% used [0x00000000d6400000,0x00000000d6498000,0x00000000d6500000)
  to   space 1024K, 0% used [0x00000000d6300000,0x00000000d6300000,0x00000000d6400000)
 ParOldGen       total 431616K, used 335014K [0x0000000080000000, 0x000000009a580000, 0x00000000d5580000)
  object space 431616K, 77% used [0x0000000080000000,0x00000000947299f8,0x000000009a580000)
 Metaspace       used 68015K, committed 69440K, reserved 1114112K
  class space    used 6932K, committed 7552K, reserved 1048576K
}
Event: 43323.252 GC heap before
{Heap before GC invocations=2752 (full 3):
 PSYoungGen      total 14848K, used 14432K [0x00000000d5580000, 0x00000000d6500000, 0x0000000100000000)
  eden space 13824K, 100% used [0x00000000d5580000,0x00000000d6300000,0x00000000d6300000)
  from space 1024K, 59% used [0x00000000d6400000,0x00000000d6498000,0x00000000d6500000)
  to   space 1024K, 0% used [0x00000000d6300000,0x00000000d6300000,0x00000000d6400000)
 ParOldGen       total 431616K, used 335014K [0x0000000080000000, 0x000000009a580000, 0x00000000d5580000)
  object space 431616K, 77% used [0x0000000080000000,0x00000000947299f8,0x000000009a580000)
 Metaspace       used 68029K, committed 69440K, reserved 1114112K
  class space    used 6932K, committed 7552K, reserved 1048576K
}
Event: 43323.607 GC heap after
{Heap after GC invocations=2752 (full 3):
 PSYoungGen      total 14848K, used 992K [0x00000000d5580000, 0x00000000d6600000, 0x0000000100000000)
  eden space 13824K, 0% used [0x00000000d5580000,0x00000000d5580000,0x00000000d6300000)
  from space 1024K, 96% used [0x00000000d6300000,0x00000000d63f8020,0x00000000d6400000)
  to   space 1536K, 0% used [0x00000000d6480000,0x00000000d6480000,0x00000000d6600000)
 ParOldGen       total 431616K, used 335158K [0x0000000080000000, 0x000000009a580000, 0x00000000d5580000)
  object space 431616K, 77% used [0x0000000080000000,0x000000009474d9f8,0x000000009a580000)
 Metaspace       used 68029K, committed 69440K, reserved 1114112K
  class space    used 6932K, committed 7552K, reserved 1048576K
}
Event: 43459.372 GC heap before
{Heap before GC invocations=2753 (full 3):
 PSYoungGen      total 14848K, used 14816K [0x00000000d5580000, 0x00000000d6600000, 0x0000000100000000)
  eden space 13824K, 100% used [0x00000000d5580000,0x00000000d6300000,0x00000000d6300000)
  from space 1024K, 96% used [0x00000000d6300000,0x00000000d63f8020,0x00000000d6400000)
  to   space 1536K, 0% used [0x00000000d6480000,0x00000000d6480000,0x00000000d6600000)
 ParOldGen       total 431616K, used 335158K [0x0000000080000000, 0x000000009a580000, 0x00000000d5580000)
  object space 431616K, 77% used [0x0000000080000000,0x000000009474d9f8,0x000000009a580000)
 Metaspace       used 68037K, committed 69504K, reserved 1114112K
  class space    used 6932K, committed 7552K, reserved 1048576K
}
Event: 43459.809 GC heap after
{Heap after GC invocations=2753 (full 3):
 PSYoungGen      total 14336K, used 464K [0x00000000d5580000, 0x00000000d6500000, 0x0000000100000000)
  eden space 13824K, 0% used [0x00000000d5580000,0x00000000d5580000,0x00000000d6300000)
  from space 512K, 90% used [0x00000000d6480000,0x00000000d64f4010,0x00000000d6500000)
  to   space 1024K, 0% used [0x00000000d6300000,0x00000000d6300000,0x00000000d6400000)
 ParOldGen       total 431616K, used 335549K [0x0000000080000000, 0x000000009a580000, 0x00000000d5580000)
  object space 431616K, 77% used [0x0000000080000000,0x00000000947af468,0x000000009a580000)
 Metaspace       used 68037K, committed 69504K, reserved 1114112K
  class space    used 6932K, committed 7552K, reserved 1048576K
}

